c:\users\user\onedrive\桌面\ntu\c++專題\tetrisgame\tetrisgame\x64\debug\vc143.pdb
c:\users\user\onedrive\桌面\ntu\c++專題\tetrisgame\tetrisgame\x64\debug\vc143.idb
c:\users\user\onedrive\桌面\ntu\c++專題\tetrisgame\tetrisgame\x64\debug\main.obj
c:\users\user\onedrive\桌面\ntu\c++專題\tetrisgame\x64\debug\sfml-graphics-d-2.dll
c:\users\user\onedrive\桌面\ntu\c++專題\tetrisgame\x64\debug\sfml-window-d-2.dll
c:\users\user\onedrive\桌面\ntu\c++專題\tetrisgame\x64\debug\sfml-system-d-2.dll
c:\users\user\onedrive\桌面\ntu\c++專題\tetrisgame\x64\debug\freetyped.dll
c:\users\user\onedrive\桌面\ntu\c++專題\tetrisgame\x64\debug\zlibd1.dll
c:\users\user\onedrive\桌面\ntu\c++專題\tetrisgame\x64\debug\bz2d.dll
c:\users\user\onedrive\桌面\ntu\c++專題\tetrisgame\x64\debug\libpng16d.dll
c:\users\user\onedrive\桌面\ntu\c++專題\tetrisgame\x64\debug\brotlidec.dll
c:\users\user\onedrive\桌面\ntu\c++專題\tetrisgame\x64\debug\brotlicommon.dll
c:\users\user\onedrive\桌面\ntu\c++專題\tetrisgame\tetrisgame\x64\debug\tetrisgame.ilk
c:\users\user\onedrive\桌面\ntu\c++專題\tetrisgame\x64\debug\tetrisgame.pdb
c:\users\user\onedrive\桌面\ntu\c++專題\tetrisgame\x64\debug\tetrisgame.exe
c:\users\user\onedrive\桌面\ntu\c++專題\tetrisgame\tetrisgame\x64\debug\tetrisgame.tlog\cl.command.1.tlog
c:\users\user\onedrive\桌面\ntu\c++專題\tetrisgame\tetrisgame\x64\debug\tetrisgame.tlog\cl.items.tlog
c:\users\user\onedrive\桌面\ntu\c++專題\tetrisgame\tetrisgame\x64\debug\tetrisgame.tlog\cl.read.1.tlog
c:\users\user\onedrive\桌面\ntu\c++專題\tetrisgame\tetrisgame\x64\debug\tetrisgame.tlog\cl.write.1.tlog
c:\users\user\onedrive\桌面\ntu\c++專題\tetrisgame\tetrisgame\x64\debug\tetrisgame.tlog\link.command.1.tlog
c:\users\user\onedrive\桌面\ntu\c++專題\tetrisgame\tetrisgame\x64\debug\tetrisgame.tlog\link.read.1.tlog
c:\users\user\onedrive\桌面\ntu\c++專題\tetrisgame\tetrisgame\x64\debug\tetrisgame.tlog\link.secondary.1.tlog
c:\users\user\onedrive\桌面\ntu\c++專題\tetrisgame\tetrisgame\x64\debug\tetrisgame.tlog\link.write.1.tlog
c:\users\user\onedrive\桌面\ntu\c++專題\tetrisgame\tetrisgame\x64\debug\tetrisgame.tlog\tetrisgame.write.1u.tlog
