c:\users\user\onedrive\桌面\ntu\c++專題\tetrisgame\tetrisgame\x64\release\vc143.pdb
c:\users\user\onedrive\桌面\ntu\c++專題\tetrisgame\tetrisgame\x64\release\main.obj
c:\users\user\onedrive\桌面\ntu\c++專題\tetrisgame\x64\release\tetrisgame.exe
c:\users\user\onedrive\桌面\ntu\c++專題\tetrisgame\x64\release\tetrisgame.pdb
c:\users\user\onedrive\桌面\ntu\c++專題\tetrisgame\x64\release\sfml-audio-2.dll
c:\users\user\onedrive\桌面\ntu\c++專題\tetrisgame\x64\release\sfml-system-2.dll
c:\users\user\onedrive\桌面\ntu\c++專題\tetrisgame\x64\release\openal32.dll
c:\users\user\onedrive\桌面\ntu\c++專題\tetrisgame\x64\release\vorbisenc.dll
c:\users\user\onedrive\桌面\ntu\c++專題\tetrisgame\x64\release\vorbis.dll
c:\users\user\onedrive\桌面\ntu\c++專題\tetrisgame\x64\release\ogg.dll
c:\users\user\onedrive\桌面\ntu\c++專題\tetrisgame\x64\release\vorbisfile.dll
c:\users\user\onedrive\桌面\ntu\c++專題\tetrisgame\x64\release\flac.dll
c:\users\user\onedrive\桌面\ntu\c++專題\tetrisgame\x64\release\sfml-graphics-2.dll
c:\users\user\onedrive\桌面\ntu\c++專題\tetrisgame\x64\release\sfml-window-2.dll
c:\users\user\onedrive\桌面\ntu\c++專題\tetrisgame\x64\release\freetype.dll
c:\users\user\onedrive\桌面\ntu\c++專題\tetrisgame\x64\release\zlib1.dll
c:\users\user\onedrive\桌面\ntu\c++專題\tetrisgame\x64\release\bz2.dll
c:\users\user\onedrive\桌面\ntu\c++專題\tetrisgame\x64\release\libpng16.dll
c:\users\user\onedrive\桌面\ntu\c++專題\tetrisgame\x64\release\brotlidec.dll
c:\users\user\onedrive\桌面\ntu\c++專題\tetrisgame\x64\release\brotlicommon.dll
c:\users\user\onedrive\桌面\ntu\c++專題\tetrisgame\tetrisgame\x64\release\tetrisgame.ipdb
c:\users\user\onedrive\桌面\ntu\c++專題\tetrisgame\tetrisgame\x64\release\tetrisgame.iobj
c:\users\user\onedrive\桌面\ntu\c++專題\tetrisgame\tetrisgame\x64\release\tetrisgame.tlog\cl.command.1.tlog
c:\users\user\onedrive\桌面\ntu\c++專題\tetrisgame\tetrisgame\x64\release\tetrisgame.tlog\cl.items.tlog
c:\users\user\onedrive\桌面\ntu\c++專題\tetrisgame\tetrisgame\x64\release\tetrisgame.tlog\cl.read.1.tlog
c:\users\user\onedrive\桌面\ntu\c++專題\tetrisgame\tetrisgame\x64\release\tetrisgame.tlog\cl.write.1.tlog
c:\users\user\onedrive\桌面\ntu\c++專題\tetrisgame\tetrisgame\x64\release\tetrisgame.tlog\link.command.1.tlog
c:\users\user\onedrive\桌面\ntu\c++專題\tetrisgame\tetrisgame\x64\release\tetrisgame.tlog\link.read.1.tlog
c:\users\user\onedrive\桌面\ntu\c++專題\tetrisgame\tetrisgame\x64\release\tetrisgame.tlog\link.secondary.1.tlog
c:\users\user\onedrive\桌面\ntu\c++專題\tetrisgame\tetrisgame\x64\release\tetrisgame.tlog\link.write.1.tlog
c:\users\user\onedrive\桌面\ntu\c++專題\tetrisgame\tetrisgame\x64\release\tetrisgame.tlog\tetrisgame.write.1u.tlog
